2022-12-24 00:00:11 [34mINFO [0;39m - uz.uzcard.UzcardProjectApplication - Starting UzcardProjectApplication using Java 17.0.5 on java with PID 87570 (/home/otabek/Otabek Hoshimxon/Portfolios/uzcard-project/target/classes started by otabek in /home/otabek/Otabek Hoshimxon/Portfolios/uzcard-project)
2022-12-24 00:00:11 [34mINFO [0;39m - uz.uzcard.UzcardProjectApplication - No active profile set, falling back to 1 default profile: "default"
2022-12-24 00:00:12 [34mINFO [0;39m - org.springframework.data.repository.config.RepositoryConfigurationDelegate - Bootstrapping Spring Data JPA repositories in DEFAULT mode.
2022-12-24 00:00:12 [34mINFO [0;39m - org.springframework.data.repository.config.RepositoryConfigurationDelegate - Finished Spring Data repository scanning in 40 ms. Found 4 JPA repository interfaces.
2022-12-24 00:00:12 [34mINFO [0;39m - org.springframework.boot.web.embedded.tomcat.TomcatWebServer - Tomcat initialized with port(s): 8081 (http)
2022-12-24 00:00:12 [34mINFO [0;39m - org.apache.catalina.core.StandardService - Starting service [Tomcat]
2022-12-24 00:00:12 [34mINFO [0;39m - org.apache.catalina.core.StandardEngine - Starting Servlet engine: [Apache Tomcat/9.0.69]
2022-12-24 00:00:12 [34mINFO [0;39m - org.apache.catalina.core.ContainerBase.[Tomcat].[localhost].[/] - Initializing Spring embedded WebApplicationContext
2022-12-24 00:00:12 [34mINFO [0;39m - org.springframework.boot.web.servlet.context.ServletWebServerApplicationContext - Root WebApplicationContext: initialization completed in 1628 ms
2022-12-24 00:00:12 [34mINFO [0;39m - org.hibernate.jpa.internal.util.LogHelper - HHH000204: Processing PersistenceUnitInfo [name: default]
2022-12-24 00:00:12 [34mINFO [0;39m - org.hibernate.Version - HHH000412: Hibernate ORM core version 5.6.14.Final
2022-12-24 00:00:13 [34mINFO [0;39m - org.hibernate.annotations.common.Version - HCANN000001: Hibernate Commons Annotations {5.1.2.Final}
2022-12-24 00:00:13 [34mINFO [0;39m - com.zaxxer.hikari.HikariDataSource - HikariPool-1 - Starting...
2022-12-24 00:00:16 [34mINFO [0;39m - com.zaxxer.hikari.HikariDataSource - HikariPool-1 - Start completed.
2022-12-24 00:00:16 [34mINFO [0;39m - org.hibernate.dialect.Dialect - HHH000400: Using dialect: org.hibernate.dialect.PostgreSQLDialect
2022-12-24 00:00:16 [31mWARN [0;39m - org.hibernate.id.UUIDHexGenerator - HHH000409: Using org.hibernate.id.UUIDHexGenerator which does not generate IETF RFC 4122 compliant UUID values; consider using org.hibernate.id.UUIDGenerator instead
2022-12-24 00:00:23 [34mINFO [0;39m - org.hibernate.engine.transaction.jta.platform.internal.JtaPlatformInitiator - HHH000490: Using JtaPlatform implementation: [org.hibernate.engine.transaction.jta.platform.internal.NoJtaPlatform]
2022-12-24 00:00:23 [34mINFO [0;39m - org.springframework.orm.jpa.LocalContainerEntityManagerFactoryBean - Initialized JPA EntityManagerFactory for persistence unit 'default'
2022-12-24 00:00:23 [31mWARN [0;39m - org.springframework.boot.autoconfigure.orm.jpa.JpaBaseConfiguration$JpaWebConfiguration - spring.jpa.open-in-view is enabled by default. Therefore, database queries may be performed during view rendering. Explicitly configure spring.jpa.open-in-view to disable this warning
2022-12-24 00:00:24 [34mINFO [0;39m - org.springframework.security.web.DefaultSecurityFilterChain - Will secure any request with [org.springframework.security.web.session.DisableEncodeUrlFilter@6f8035d6, org.springframework.security.web.context.request.async.WebAsyncManagerIntegrationFilter@6a7b4ff5, org.springframework.security.web.context.SecurityContextPersistenceFilter@6e8f3b76, org.springframework.security.web.header.HeaderWriterFilter@397b5b2d, org.springframework.security.web.authentication.logout.LogoutFilter@3bf306d3, JwtTokenFilter(profileRepository=org.springframework.data.jpa.repository.support.SimpleJpaRepository@dd025d9, clientRepository=org.springframework.data.jpa.repository.support.SimpleJpaRepository@2fb555e8, companyRepository=org.springframework.data.jpa.repository.support.SimpleJpaRepository@19a544cd), org.springframework.security.web.savedrequest.RequestCacheAwareFilter@5f14eb51, org.springframework.security.web.servletapi.SecurityContextHolderAwareRequestFilter@7c4de811, org.springframework.security.web.authentication.AnonymousAuthenticationFilter@6c502018, org.springframework.security.web.session.SessionManagementFilter@7a0f1f9d, org.springframework.security.web.access.ExceptionTranslationFilter@823f978, org.springframework.security.web.access.intercept.FilterSecurityInterceptor@7f82a71f]
2022-12-24 00:00:24 [34mINFO [0;39m - org.springframework.boot.web.embedded.tomcat.TomcatWebServer - Tomcat started on port(s): 8081 (http) with context path ''
2022-12-24 00:00:24 [34mINFO [0;39m - uz.uzcard.UzcardProjectApplication - Started UzcardProjectApplication in 14.434 seconds (JVM running for 15.23)
